#
# A fatal error has been detected by the Java Runtime Environment:
#
#  EXCEPTION_ACCESS_VIOLATION (0xc0000005) at pc=0x00007ff873525e50, pid=16140, tid=10088
#
# JRE version: OpenJDK Runtime Environment Temurin-17.0.1+12 (17.0.1+12) (build 17.0.1+12)
# Java VM: OpenJDK 64-Bit Server VM Temurin-17.0.1+12 (17.0.1+12, mixed mode, tiered, compressed oops, compressed class ptrs, g1 gc, windows-amd64)
# Problematic frame:
# V  [jvm.dll+0x565e50]
#
# No core dump will be written. Minidumps are not enabled by default on client versions of Windows
#
# If you would like to submit a bug report, please visit:
#   https://github.com/adoptium/adoptium-support/issues
#

---------------  S U M M A R Y ------------

Command Line: -XX:+ShowCodeDetailsInExceptionMessages -agentlib:jdwp=transport=dt_socket,suspend=y,address=localhost:55433 -javaagent:D:\Documents\coursWeb\Diginamic\CoursJava\JavaTelecharg\sts-4.13.1.RELEASE\configuration\org.eclipse.osgi\262\0\.cp\lib\javaagent-shaded.jar -Dfile.encoding=UTF-8 fr.diginamic.ConnexionJpa

Host: Intel(R) Core(TM) i7-7500U CPU @ 2.70GHz, 4 cores, 15G,  Windows 10 , 64 bit Build 19041 (10.0.19041.1889)
Time: Wed Nov  2 12:55:20 2022 Paris, Madrid elapsed time: 4.593934 seconds (0d 0h 0m 4s)

---------------  T H R E A D  ---------------

Current thread is native thread

Stack: [0x000000db12a00000,0x000000db12b00000],  sp=0x000000db12aff960,  free space=1022k
Native frames: (J=compiled Java code, j=interpreted, Vv=VM code, C=native code)
V  [jvm.dll+0x565e50]
V  [jvm.dll+0x561eb9]
V  [jvm.dll+0x561f69]
V  [jvm.dll+0x3d6183]
C  [jli.dll+0x52ef]
C  [ucrtbase.dll+0x21bb2]
C  [KERNEL32.DLL+0x17034]
C  [ntdll.dll+0x526a1]


siginfo: EXCEPTION_ACCESS_VIOLATION (0xc0000005), reading address 0xffffffffffffffff


Registers:
RAX=0x0000000000000000, RBX=0x00007ff873b2bb08, RCX=0x00007ff873b2bb08, RDX=0x000002785c6a0000
RSP=0x000000db12aff960, RBP=0x000000db12affaa8, RSI=0x0000000000000000, RDI=0xc15fe80000000000
R8 =0x000002785c7a0fc0, R9 =0x0000000000000001, R10=0x0000000000008000, R11=0x000000db12aff8c0
R12=0x000002785e8b43e8, R13=0x000002785c6b0c10, R14=0x000002785e8b43d8, R15=0x000002785e8b43d0
RIP=0x00007ff873525e50, EFLAGS=0x0000000000010286

Top of Stack: (sp=0x000000db12aff960)
0x000000db12aff960:   000002785e8b3630 0000000000000000
0x000000db12aff970:   000002780000000e 0000000000000000
0x000000db12aff980:   0000000000000002 00007ff873521eb9
0x000000db12aff990:   00007ff873b2bae0 0000027801b59290
0x000000db12aff9a0:   000002785e8b2c40 000002785e8b2c50
0x000000db12aff9b0:   0000000000000000 00007ff873521f69
0x000000db12aff9c0:   000002785c6a4d40 000002785e8b43d8
0x000000db12aff9d0:   000002785c6b0c10 0000000000000000
0x000000db12aff9e0:   0000000000000000 00007ff873396183
0x000000db12aff9f0:   000002785e8b3630 000002785c6a4d40
0x000000db12affa00:   000000db12affaa8 0000000000000000
0x000000db12affa10:   00000278ffffffff 00000000000a0000
0x000000db12affa20:   00007ff873926418 0000000000000000
0x000000db12affa30:   0000000000000000 00007ff8e3fd52ef
0x000000db12affa40:   000002787e0ef630 000002785e8b38d8
0x000000db12affa50:   000002787e0ef630 000002785e8b43e8 

Instructions: (pc=0x00007ff873525e50)
0x00007ff873525d50:   4a 08 e8 79 00 b4 ff 4c 8b c8 48 85 c0 74 11 48
0x00007ff873525d60:   c7 40 08 00 00 00 00 c7 40 14 00 00 00 00 eb 03
0x00007ff873525d70:   45 33 c9 49 89 39 41 89 59 10 48 8b 0c de 49 89
0x00007ff873525d80:   49 08 48 85 c9 74 15 39 59 10 75 10 48 8b 41 08
0x00007ff873525d90:   49 89 41 08 48 8b c8 48 85 c0 75 eb 83 fb 05 7f
0x00007ff873525da0:   29 ba 06 00 00 00 48 8d 4e 28 2b d3 0f 1f 40 00
0x00007ff873525db0:   48 8b 01 48 85 c0 74 05 39 58 10 7d 03 4c 89 09
0x00007ff873525dc0:   48 83 e9 08 48 83 ea 01 75 e6 48 8b 46 28 48 85
0x00007ff873525dd0:   c0 74 2c 49 3b c1 74 0a 49 8b 49 08 48 39 48 08
0x00007ff873525de0:   74 19 48 8b 40 08 48 85 c0 75 e8 48 8b 5c 24 30
0x00007ff873525df0:   48 8b 74 24 38 48 83 c4 20 5f c3 4c 89 48 08 48
0x00007ff873525e00:   8b 5c 24 30 48 8b 74 24 38 48 83 c4 20 5f c3 cc
0x00007ff873525e10:   48 89 5c 24 08 57 48 83 ec 20 48 8b 79 28 33 c0
0x00007ff873525e20:   48 89 41 08 48 8b d9 48 89 41 10 48 89 41 18 48
0x00007ff873525e30:   89 41 20 48 89 41 28 e8 d4 fb 0f 00 0f 1f 40 00
0x00007ff873525e40:   8b 43 30 85 c0 75 f9 48 85 ff 74 18 0f 1f 40 00
0x00007ff873525e50:   48 8b 5f 08 48 8b cf e8 f4 fe b3 ff 48 8b fb 48
0x00007ff873525e60:   85 db 75 ec 48 8b 5c 24 30 48 83 c4 20 5f c3 cc
0x00007ff873525e70:   b8 ff ff ff ff f0 0f c1 41 30 ff c8 c3 cc cc cc
0x00007ff873525e80:   48 8b 41 28 48 85 c0 74 15 0f 1f 80 00 00 00 00
0x00007ff873525e90:   48 3b 10 74 0b 48 8b 40 08 48 85 c0 75 f2 33 c0
0x00007ff873525ea0:   c3 cc cc cc cc cc cc cc cc cc cc cc cc cc cc cc
0x00007ff873525eb0:   b8 01 00 00 00 f0 0f c1 41 30 ff c0 c3 cc cc cc
0x00007ff873525ec0:   48 89 5c 24 08 57 48 83 ec 20 48 8b da 48 8b f9
0x00007ff873525ed0:   48 39 51 08 75 08 48 8b 42 08 48 89 41 08 48 39
0x00007ff873525ee0:   59 10 75 08 48 8b 42 08 48 89 41 10 48 39 59 18
0x00007ff873525ef0:   75 08 48 8b 42 08 48 89 41 18 48 39 59 20 75 08
0x00007ff873525f00:   48 8b 42 08 48 89 41 20 48 8b 41 28 48 3b c3 75
0x00007ff873525f10:   08 48 8b 42 08 48 89 41 28 48 85 c0 74 1d 66 90
0x00007ff873525f20:   48 8d 48 08 48 8b 40 08 48 3b c3 74 07 48 85 c0
0x00007ff873525f30:   75 ee eb 07 48 8b 42 08 48 89 01 e8 d0 fa 0f 00
0x00007ff873525f40:   8b 47 30 85 c0 75 f9 48 8b cb 48 8b 5c 24 30 48 



---------------  P R O C E S S  ---------------

VM state: at safepoint (shutting down)

VM Mutex/Monitor currently owned by a thread:  ([mutex/lock_event])
[0x000002785e8af930] Threads_lock - owner thread: 0x000002787d41cf90

Heap address: 0x0000000702000000, size: 4064 MB, Compressed Oops mode: Zero based, Oop shift amount: 3

CDS archive(s) not mapped
Compressed class space mapped at: 0x0000000800000000-0x0000000840000000, reserved size: 1073741824
Narrow klass base: 0x0000000800000000, Narrow klass shift: 0, Narrow klass range: 0x40000000

GC Precious Log:
<Skipped>

Heap:
 garbage-first heap   total 147456K, used 15101K [0x0000000702000000, 0x0000000800000000)
  region size 2048K, 6 young (12288K), 2 survivors (4096K)
 Metaspace       used 30781K, committed 30912K, reserved 1081344K
  class space    used 3381K, committed 3456K, reserved 1048576K

Heap Regions: E=young(eden), S=young(survivor), O=old, HS=humongous(starts), HC=humongous(continues), CS=collection set, F=free, OA=open archive, CA=closed archive, TAMS=top-at-mark-start (previous, next)
|   0|0x0000000702000000, 0x0000000702200000, 0x0000000702200000|100%| O|  |TAMS 0x0000000702200000, 0x0000000702000000| Untracked 
|   1|0x0000000702200000, 0x0000000702200000, 0x0000000702400000|  0%| F|  |TAMS 0x0000000702200000, 0x0000000702200000| Untracked 
|   2|0x0000000702400000, 0x0000000702600000, 0x0000000702600000|100%| O|  |TAMS 0x0000000702400000, 0x0000000702400000| Untracked 
|   3|0x0000000702600000, 0x00000007027bea00, 0x0000000702800000| 87%| O|  |TAMS 0x0000000702600000, 0x0000000702600000| Untracked 
|   4|0x0000000702800000, 0x0000000702800000, 0x0000000702a00000|  0%| F|  |TAMS 0x0000000702800000, 0x0000000702800000| Untracked 
|   5|0x0000000702a00000, 0x0000000702a2e350, 0x0000000702c00000|  9%| S|CS|TAMS 0x0000000702a00000, 0x0000000702a00000| Complete 
|   6|0x0000000702c00000, 0x0000000702e00000, 0x0000000702e00000|100%| S|CS|TAMS 0x0000000702c00000, 0x0000000702c00000| Complete 
|   7|0x0000000702e00000, 0x0000000702e00000, 0x0000000703000000|  0%| F|  |TAMS 0x0000000702e00000, 0x0000000702e00000| Untracked 
|   8|0x0000000703000000, 0x0000000703000000, 0x0000000703200000|  0%| F|  |TAMS 0x0000000703000000, 0x0000000703000000| Untracked 
|   9|0x0000000703200000, 0x0000000703200000, 0x0000000703400000|  0%| F|  |TAMS 0x0000000703200000, 0x0000000703200000| Untracked 
|  10|0x0000000703400000, 0x0000000703400000, 0x0000000703600000|  0%| F|  |TAMS 0x0000000703400000, 0x0000000703400000| Untracked 
|  11|0x0000000703600000, 0x0000000703600000, 0x0000000703800000|  0%| F|  |TAMS 0x0000000703600000, 0x0000000703600000| Untracked 
|  12|0x0000000703800000, 0x0000000703800000, 0x0000000703a00000|  0%| F|  |TAMS 0x0000000703800000, 0x0000000703800000| Untracked 
|  13|0x0000000703a00000, 0x0000000703a00000, 0x0000000703c00000|  0%| F|  |TAMS 0x0000000703a00000, 0x0000000703a00000| Untracked 
|  14|0x0000000703c00000, 0x0000000703c00000, 0x0000000703e00000|  0%| F|  |TAMS 0x0000000703c00000, 0x0000000703c00000| Untracked 
|  15|0x0000000703e00000, 0x0000000703e00000, 0x0000000704000000|  0%| F|  |TAMS 0x0000000703e00000, 0x0000000703e00000| Untracked 
|  16|0x0000000704000000, 0x0000000704000000, 0x0000000704200000|  0%| F|  |TAMS 0x0000000704000000, 0x0000000704000000| Untracked 
|  17|0x0000000704200000, 0x0000000704200000, 0x0000000704400000|  0%| F|  |TAMS 0x0000000704200000, 0x0000000704200000| Untracked 
|  18|0x0000000704400000, 0x0000000704400000, 0x0000000704600000|  0%| F|  |TAMS 0x0000000704400000, 0x0000000704400000| Untracked 
|  19|0x0000000704600000, 0x0000000704600000, 0x0000000704800000|  0%| F|  |TAMS 0x0000000704600000, 0x0000000704600000| Untracked 
|  20|0x0000000704800000, 0x0000000704800000, 0x0000000704a00000|  0%| F|  |TAMS 0x0000000704800000, 0x0000000704800000| Untracked 
|  21|0x0000000704a00000, 0x0000000704a00000, 0x0000000704c00000|  0%| F|  |TAMS 0x0000000704a00000, 0x0000000704a00000| Untracked 
|  22|0x0000000704c00000, 0x0000000704c00000, 0x0000000704e00000|  0%| F|  |TAMS 0x0000000704c00000, 0x0000000704c00000| Untracked 
|  23|0x0000000704e00000, 0x0000000704e00000, 0x0000000705000000|  0%| F|  |TAMS 0x0000000704e00000, 0x0000000704e00000| Untracked 
|  24|0x0000000705000000, 0x0000000705000000, 0x0000000705200000|  0%| F|  |TAMS 0x0000000705000000, 0x0000000705000000| Untracked 
|  25|0x0000000705200000, 0x0000000705200000, 0x0000000705400000|  0%| F|  |TAMS 0x0000000705200000, 0x0000000705200000| Untracked 
|  26|0x0000000705400000, 0x0000000705400000, 0x0000000705600000|  0%| F|  |TAMS 0x0000000705400000, 0x0000000705400000| Untracked 
|  27|0x0000000705600000, 0x0000000705600000, 0x0000000705800000|  0%| F|  |TAMS 0x0000000705600000, 0x0000000705600000| Untracked 
|  28|0x0000000705800000, 0x0000000705800000, 0x0000000705a00000|  0%| F|  |TAMS 0x0000000705800000, 0x0000000705800000| Untracked 
|  29|0x0000000705a00000, 0x0000000705a00000, 0x0000000705c00000|  0%| F|  |TAMS 0x0000000705a00000, 0x0000000705a00000| Untracked 
|  30|0x0000000705c00000, 0x0000000705c00000, 0x0000000705e00000|  0%| F|  |TAMS 0x0000000705c00000, 0x0000000705c00000| Untracked 
|  31|0x0000000705e00000, 0x0000000705e00000, 0x0000000706000000|  0%| F|  |TAMS 0x0000000705e00000, 0x0000000705e00000| Untracked 
|  32|0x0000000706000000, 0x0000000706000000, 0x0000000706200000|  0%| F|  |TAMS 0x0000000706000000, 0x0000000706000000| Untracked 
|  33|0x0000000706200000, 0x0000000706200000, 0x0000000706400000|  0%| F|  |TAMS 0x0000000706200000, 0x0000000706200000| Untracked 
|  34|0x0000000706400000, 0x0000000706400000, 0x0000000706600000|  0%| F|  |TAMS 0x0000000706400000, 0x0000000706400000| Untracked 
|  35|0x0000000706600000, 0x0000000706600000, 0x0000000706800000|  0%| F|  |TAMS 0x0000000706600000, 0x0000000706600000| Untracked 
|  36|0x0000000706800000, 0x0000000706800000, 0x0000000706a00000|  0%| F|  |TAMS 0x0000000706800000, 0x0000000706800000| Untracked 
|  37|0x0000000706a00000, 0x0000000706a00000, 0x0000000706c00000|  0%| F|  |TAMS 0x0000000706a00000, 0x0000000706a00000| Untracked 
|  38|0x0000000706c00000, 0x0000000706c00000, 0x0000000706e00000|  0%| F|  |TAMS 0x0000000706c00000, 0x0000000706c00000| Untracked 
|  39|0x0000000706e00000, 0x0000000706e00000, 0x0000000707000000|  0%| F|  |TAMS 0x0000000706e00000, 0x0000000706e00000| Untracked 
|  40|0x0000000707000000, 0x0000000707000000, 0x0000000707200000|  0%| F|  |TAMS 0x0000000707000000, 0x0000000707000000| Untracked 
|  41|0x0000000707200000, 0x0000000707200000, 0x0000000707400000|  0%| F|  |TAMS 0x0000000707200000, 0x0000000707200000| Untracked 
|  42|0x0000000707400000, 0x0000000707400000, 0x0000000707600000|  0%| F|  |TAMS 0x0000000707400000, 0x0000000707400000| Untracked 
|  43|0x0000000707600000, 0x0000000707600000, 0x0000000707800000|  0%| F|  |TAMS 0x0000000707600000, 0x0000000707600000| Untracked 
|  44|0x0000000707800000, 0x0000000707800000, 0x0000000707a00000|  0%| F|  |TAMS 0x0000000707800000, 0x0000000707800000| Untracked 
|  45|0x0000000707a00000, 0x0000000707a00000, 0x0000000707c00000|  0%| F|  |TAMS 0x0000000707a00000, 0x0000000707a00000| Untracked 
|  46|0x0000000707c00000, 0x0000000707c00000, 0x0000000707e00000|  0%| F|  |TAMS 0x0000000707c00000, 0x0000000707c00000| Untracked 
|  47|0x0000000707e00000, 0x0000000707e00000, 0x0000000708000000|  0%| F|  |TAMS 0x0000000707e00000, 0x0000000707e00000| Untracked 
|  48|0x0000000708000000, 0x0000000708000000, 0x0000000708200000|  0%| F|  |TAMS 0x0000000708000000, 0x0000000708000000| Untracked 
|  49|0x0000000708200000, 0x0000000708200000, 0x0000000708400000|  0%| F|  |TAMS 0x0000000708200000, 0x0000000708200000| Untracked 
|  50|0x0000000708400000, 0x0000000708400000, 0x0000000708600000|  0%| F|  |TAMS 0x0000000708400000, 0x0000000708400000| Untracked 
|  51|0x0000000708600000, 0x0000000708600000, 0x0000000708800000|  0%| F|  |TAMS 0x0000000708600000, 0x0000000708600000| Untracked 
|  52|0x0000000708800000, 0x0000000708800000, 0x0000000708a00000|  0%| F|  |TAMS 0x0000000708800000, 0x0000000708800000| Untracked 
|  53|0x0000000708a00000, 0x0000000708a00000, 0x0000000708c00000|  0%| F|  |TAMS 0x0000000708a00000, 0x0000000708a00000| Untracked 
|  54|0x0000000708c00000, 0x0000000708c00000, 0x0000000708e00000|  0%| F|  |TAMS 0x0000000708c00000, 0x0000000708c00000| Untracked 
|  55|0x0000000708e00000, 0x0000000708e00000, 0x0000000709000000|  0%| F|  |TAMS 0x0000000708e00000, 0x0000000708e00000| Untracked 
|  56|0x0000000709000000, 0x0000000709000000, 0x0000000709200000|  0%| F|  |TAMS 0x0000000709000000, 0x0000000709000000| Untracked 
|  57|0x0000000709200000, 0x0000000709200000, 0x0000000709400000|  0%| F|  |TAMS 0x0000000709200000, 0x0000000709200000| Untracked 
|  58|0x0000000709400000, 0x0000000709400000, 0x0000000709600000|  0%| F|  |TAMS 0x0000000709400000, 0x0000000709400000| Untracked 
|  59|0x0000000709600000, 0x0000000709600000, 0x0000000709800000|  0%| F|  |TAMS 0x0000000709600000, 0x0000000709600000| Untracked 
|  60|0x0000000709800000, 0x0000000709800000, 0x0000000709a00000|  0%| F|  |TAMS 0x0000000709800000, 0x0000000709800000| Untracked 
|  61|0x0000000709a00000, 0x0000000709a00000, 0x0000000709c00000|  0%| F|  |TAMS 0x0000000709a00000, 0x0000000709a00000| Untracked 
|  62|0x0000000709c00000, 0x0000000709c00000, 0x0000000709e00000|  0%| F|  |TAMS 0x0000000709c00000, 0x0000000709c00000| Untracked 
|  63|0x0000000709e00000, 0x0000000709e00000, 0x000000070a000000|  0%| F|  |TAMS 0x0000000709e00000, 0x0000000709e00000| Untracked 
|  64|0x000000070a000000, 0x000000070a000000, 0x000000070a200000|  0%| F|  |TAMS 0x000000070a000000, 0x000000070a000000| Untracked 
|  65|0x000000070a200000, 0x000000070a200000, 0x000000070a400000|  0%| F|  |TAMS 0x000000070a200000, 0x000000070a200000| Untracked 
|  66|0x000000070a400000, 0x000000070a400000, 0x000000070a600000|  0%| F|  |TAMS 0x000000070a400000, 0x000000070a400000| Untracked 
|  67|0x000000070a600000, 0x000000070a600000, 0x000000070a800000|  0%| F|  |TAMS 0x000000070a600000, 0x000000070a600000| Untracked 
|  68|0x000000070a800000, 0x000000070a8d26f0, 0x000000070aa00000| 41%| E|  |TAMS 0x000000070a800000, 0x000000070a800000| Complete 
| 104|0x000000070f000000, 0x000000070f200000, 0x000000070f200000|100%| E|CS|TAMS 0x000000070f000000, 0x000000070f000000| Complete 
| 105|0x000000070f200000, 0x000000070f400000, 0x000000070f400000|100%| E|CS|TAMS 0x000000070f200000, 0x000000070f200000| Complete 
| 126|0x0000000711c00000, 0x0000000711e00000, 0x0000000711e00000|100%| E|CS|TAMS 0x0000000711c00000, 0x0000000711c00000| Complete 

Card table byte_map: [0x0000027871750000,0x0000027871f40000] _byte_map_base: 0x000002786df40000

Marking Bits (Prev, Next): (CMBitMap*) 0x000002785e9094b0, (CMBitMap*) 0x000002785e909470
 Prev Bits: [0x00000278766b0000, 0x000002787a630000)
 Next Bits: [0x0000027872730000, 0x00000278766b0000)

Polling page: 0x000002785c810000

Metaspace:

Usage:
  Non-class:     26.76 MB used.
      Class:      3.30 MB used.
       Both:     30.06 MB used.

Virtual space:
  Non-class space:       32.00 MB reserved,      26.81 MB ( 84%) committed,  4 nodes.
      Class space:        1.00 GB reserved,       3.38 MB ( <1%) committed,  1 nodes.
             Both:        1.03 GB reserved,      30.19 MB (  3%) committed. 

Chunk freelists:
   Non-Class:  644.00 KB
       Class:  478.00 KB
        Both:  1.10 MB

MaxMetaspaceSize: unlimited
CompressedClassSpaceSize: 1.00 GB
Initial GC threshold: 21.00 MB
Current GC threshold: 35.12 MB
CDS: off
MetaspaceReclaimPolicy: balanced
 - commit_granule_bytes: 65536.
 - commit_granule_words: 8192.
 - virtual_space_node_default_size: 1048576.
 - enlarge_chunks_in_place: 1.
 - new_chunks_are_fully_committed: 0.
 - uncommit_free_chunks: 1.
 - use_allocation_guard: 0.
 - handle_deallocations: 1.


Internal statistics:

num_allocs_failed_limit: 3.
num_arena_births: 118.
num_arena_deaths: 0.
num_vsnodes_births: 5.
num_vsnodes_deaths: 0.
num_space_committed: 483.
num_space_uncommitted: 0.
num_chunks_returned_to_freelist: 3.
num_chunks_taken_from_freelist: 692.
num_chunk_merges: 3.
num_chunk_splits: 487.
num_chunks_enlarged: 392.
num_purges: 0.
num_inconsistent_stats: 0.

CodeHeap 'non-profiled nmethods': size=120000Kb used=1190Kb max_used=1190Kb free=118809Kb
 bounds [0x0000027869a30000, 0x0000027869ca0000, 0x0000027870f60000]
CodeHeap 'profiled nmethods': size=120000Kb used=3886Kb max_used=3886Kb free=116113Kb
 bounds [0x0000027862500000, 0x00000278628d0000, 0x0000027869a30000]
CodeHeap 'non-nmethods': size=5760Kb used=1319Kb max_used=1426Kb free=4440Kb
 bounds [0x0000027861f60000, 0x00000278621d0000, 0x0000027862500000]
 total_blobs=2422 nmethods=1853 adapters=482
 compilation: enabled
              stopped_count=0, restarted_count=0
 full_count=0

Compilation events (20 events):
Event: 4.431 Thread 0x000002787d482000 1849       3       org.jboss.logging.JDKLogger::translate (27 bytes)
Event: 4.432 Thread 0x000002787d482000 nmethod 1849 0x00000278628c6c90 code [0x00000278628c6e40, 0x00000278628c7048]
Event: 4.432 Thread 0x000002787d482000 1850       3       java.util.logging.Logger::isLoggable (27 bytes)
Event: 4.432 Thread 0x000002787d482000 nmethod 1850 0x00000278628c7110 code [0x00000278628c72c0, 0x00000278628c7498]
Event: 4.433 Thread 0x000002787d482000 1852       3       java.lang.invoke.MethodType::changeReturnType (20 bytes)
Event: 4.433 Thread 0x000002787d482000 nmethod 1852 0x00000278628c7590 code [0x00000278628c7740, 0x00000278628c7928]
Event: 4.433 Thread 0x000002787d482000 1853       3       jdk.internal.org.objectweb.asm.MethodWriter::visitCode (1 bytes)
Event: 4.433 Thread 0x000002787d482000 nmethod 1853 0x00000278628c7a10 code [0x00000278628c7ba0, 0x00000278628c7cb8]
Event: 4.436 Thread 0x000002787d482000 1855       3       com.mysql.jdbc.util.ReadAheadInputStream::checkClosed (18 bytes)
Event: 4.437 Thread 0x000002787d482000 nmethod 1855 0x00000278628c7d90 code [0x00000278628c7f40, 0x00000278628c8168]
Event: 4.437 Thread 0x000002787d482000 1856       3       org.jboss.logging.JDKLogger::isEnabled (12 bytes)
Event: 4.439 Thread 0x000002787d482000 nmethod 1856 0x00000278628c8290 code [0x00000278628c8460, 0x00000278628c8868]
Event: 4.461 Thread 0x000002787d482000 1857       1       java.util.concurrent.CopyOnWriteArrayList::getArray (5 bytes)
Event: 4.461 Thread 0x000002787d482000 nmethod 1857 0x0000027869b59590 code [0x0000027869b59720, 0x0000027869b597f8]
Event: 4.462 Thread 0x000002787d482000 1858       3       java.util.logging.LogManager::checkPermission (16 bytes)
Event: 4.462 Thread 0x000002787d482000 nmethod 1858 0x00000278628c8a10 code [0x00000278628c8bc0, 0x00000278628c8ee8]
Event: 4.462 Thread 0x000002787d482000 1859   !   3       java.util.logging.LogManager$LoggerContext::findLogger (113 bytes)
Event: 4.465 Thread 0x000002787d482000 nmethod 1859 0x00000278628c9010 code [0x00000278628c92c0, 0x00000278628ca2e8]
Event: 4.466 Thread 0x000002787d482000 1860       3       java.util.logging.Logger::updateEffectiveLevel (126 bytes)
Event: 4.467 Thread 0x000002787d482000 nmethod 1860 0x00000278628ca890 code [0x00000278628caac0, 0x00000278628cb508]

GC Heap History (18 events):
Event: 0.801 GC heap before
{Heap before GC invocations=0 (full 0):
 garbage-first heap   total 260096K, used 10240K [0x0000000702000000, 0x0000000800000000)
  region size 2048K, 6 young (12288K), 0 survivors (0K)
 Metaspace       used 9585K, committed 9664K, reserved 1064960K
  class space    used 834K, committed 896K, reserved 1048576K
}
Event: 0.806 GC heap after
{Heap after GC invocations=1 (full 0):
 garbage-first heap   total 260096K, used 2762K [0x0000000702000000, 0x0000000800000000)
  region size 2048K, 1 young (2048K), 1 survivors (2048K)
 Metaspace       used 9585K, committed 9664K, reserved 1064960K
  class space    used 834K, committed 896K, reserved 1048576K
}
Event: 0.811 GC heap before
{Heap before GC invocations=1 (full 0):
 garbage-first heap   total 260096K, used 13002K [0x0000000702000000, 0x0000000800000000)
  region size 2048K, 7 young (14336K), 1 survivors (2048K)
 Metaspace       used 9586K, committed 9664K, reserved 1064960K
  class space    used 834K, committed 896K, reserved 1048576K
}
Event: 0.814 GC heap after
{Heap after GC invocations=2 (full 0):
 garbage-first heap   total 260096K, used 3096K [0x0000000702000000, 0x0000000800000000)
  region size 2048K, 1 young (2048K), 1 survivors (2048K)
 Metaspace       used 9586K, committed 9664K, reserved 1064960K
  class space    used 834K, committed 896K, reserved 1048576K
}
Event: 1.445 GC heap before
{Heap before GC invocations=2 (full 0):
 garbage-first heap   total 260096K, used 39960K [0x0000000702000000, 0x0000000800000000)
  region size 2048K, 20 young (40960K), 1 survivors (2048K)
 Metaspace       used 16446K, committed 16640K, reserved 1064960K
  class space    used 1518K, committed 1600K, reserved 1048576K
}
Event: 1.448 GC heap after
{Heap after GC invocations=3 (full 0):
 garbage-first heap   total 260096K, used 4636K [0x0000000702000000, 0x0000000800000000)
  region size 2048K, 1 young (2048K), 1 survivors (2048K)
 Metaspace       used 16446K, committed 16640K, reserved 1064960K
  class space    used 1518K, committed 1600K, reserved 1048576K
}
Event: 2.416 GC heap before
{Heap before GC invocations=3 (full 0):
 garbage-first heap   total 260096K, used 43548K [0x0000000702000000, 0x0000000800000000)
  region size 2048K, 21 young (43008K), 1 survivors (2048K)
 Metaspace       used 21314K, committed 21504K, reserved 1073152K
  class space    used 2301K, committed 2432K, reserved 1048576K
}
Event: 2.419 GC heap after
{Heap after GC invocations=4 (full 0):
 garbage-first heap   total 260096K, used 5461K [0x0000000702000000, 0x0000000800000000)
  region size 2048K, 2 young (4096K), 2 survivors (4096K)
 Metaspace       used 21314K, committed 21504K, reserved 1073152K
  class space    used 2301K, committed 2432K, reserved 1048576K
}
Event: 2.951 GC heap before
{Heap before GC invocations=5 (full 0):
 garbage-first heap   total 34816K, used 21845K [0x0000000702000000, 0x0000000800000000)
  region size 2048K, 10 young (20480K), 2 survivors (4096K)
 Metaspace       used 23582K, committed 23744K, reserved 1073152K
  class space    used 2532K, committed 2624K, reserved 1048576K
}
Event: 2.957 GC heap after
{Heap after GC invocations=6 (full 0):
 garbage-first heap   total 34816K, used 6078K [0x0000000702000000, 0x0000000800000000)
  region size 2048K, 1 young (2048K), 1 survivors (2048K)
 Metaspace       used 23582K, committed 23744K, reserved 1073152K
  class space    used 2532K, committed 2624K, reserved 1048576K
}
Event: 3.051 GC heap before
{Heap before GC invocations=6 (full 0):
 garbage-first heap   total 34816K, used 8126K [0x0000000702000000, 0x0000000800000000)
  region size 2048K, 2 young (4096K), 1 survivors (2048K)
 Metaspace       used 23812K, committed 24064K, reserved 1073152K
  class space    used 2557K, committed 2688K, reserved 1048576K
}
Event: 3.058 GC heap after
{Heap after GC invocations=7 (full 0):
 garbage-first heap   total 34816K, used 7091K [0x0000000702000000, 0x0000000800000000)
  region size 2048K, 1 young (2048K), 1 survivors (2048K)
 Metaspace       used 23812K, committed 24064K, reserved 1073152K
  class space    used 2557K, committed 2688K, reserved 1048576K
}
Event: 3.686 GC heap before
{Heap before GC invocations=7 (full 0):
 garbage-first heap   total 34816K, used 21427K [0x0000000702000000, 0x0000000800000000)
  region size 2048K, 9 young (18432K), 1 survivors (2048K)
 Metaspace       used 26487K, committed 26688K, reserved 1073152K
  class space    used 2905K, committed 3008K, reserved 1048576K
}
Event: 3.691 GC heap after
{Heap after GC invocations=8 (full 0):
 garbage-first heap   total 34816K, used 7786K [0x0000000702000000, 0x0000000800000000)
  region size 2048K, 2 young (4096K), 2 survivors (4096K)
 Metaspace       used 26487K, committed 26688K, reserved 1073152K
  class space    used 2905K, committed 3008K, reserved 1048576K
}
Event: 3.903 GC heap before
{Heap before GC invocations=8 (full 0):
 garbage-first heap   total 34816K, used 22122K [0x0000000702000000, 0x0000000800000000)
  region size 2048K, 9 young (18432K), 2 survivors (4096K)
 Metaspace       used 27988K, committed 28160K, reserved 1081344K
  class space    used 3069K, committed 3136K, reserved 1048576K
}
Event: 3.908 GC heap after
{Heap after GC invocations=9 (full 0):
 garbage-first heap   total 34816K, used 7810K [0x0000000702000000, 0x0000000800000000)
  region size 2048K, 1 young (2048K), 1 survivors (2048K)
 Metaspace       used 27988K, committed 28160K, reserved 1081344K
  class space    used 3069K, committed 3136K, reserved 1048576K
}
Event: 4.302 GC heap before
{Heap before GC invocations=9 (full 0):
 garbage-first heap   total 34816K, used 26242K [0x0000000702000000, 0x0000000800000000)
  region size 2048K, 10 young (20480K), 1 survivors (2048K)
 Metaspace       used 30242K, committed 30464K, reserved 1081344K
  class space    used 3319K, committed 3392K, reserved 1048576K
}
Event: 4.308 GC heap after
{Heap after GC invocations=10 (full 0):
 garbage-first heap   total 147456K, used 8115K [0x0000000702000000, 0x0000000800000000)
  region size 2048K, 2 young (4096K), 2 survivors (4096K)
 Metaspace       used 30242K, committed 30464K, reserved 1081344K
  class space    used 3319K, committed 3392K, reserved 1048576K
}

Deoptimization events (20 events):
Event: 4.371 Thread 0x000002785e8b3630 DEOPT PACKING pc=0x000002786285963c sp=0x000000db12afe700
Event: 4.371 Thread 0x000002785e8b3630 DEOPT UNPACKING pc=0x0000027861fb2b43 sp=0x000000db12afdbf0 mode 1
Event: 4.371 Thread 0x000002785e8b3630 DEOPT PACKING pc=0x00000278626a93f4 sp=0x000000db12afdc40
Event: 4.371 Thread 0x000002785e8b3630 DEOPT UNPACKING pc=0x0000027861fb2b43 sp=0x000000db12afd0d8 mode 1
Event: 4.371 Thread 0x000002785e8b3630 DEOPT PACKING pc=0x00000278626984dc sp=0x000000db12afdd10
Event: 4.371 Thread 0x000002785e8b3630 DEOPT UNPACKING pc=0x0000027861fb2b43 sp=0x000000db12afd1c8 mode 1
Event: 4.371 Thread 0x000002785e8b3630 DEOPT PACKING pc=0x000002786285963c sp=0x000000db12afe700
Event: 4.371 Thread 0x000002785e8b3630 DEOPT UNPACKING pc=0x0000027861fb2b43 sp=0x000000db12afdbf0 mode 1
Event: 4.415 Thread 0x000002785e8b3630 DEOPT PACKING pc=0x00000278626a93f4 sp=0x000000db12afd880
Event: 4.415 Thread 0x000002785e8b3630 DEOPT UNPACKING pc=0x0000027861fb2b43 sp=0x000000db12afcd18 mode 1
Event: 4.415 Thread 0x000002785e8b3630 DEOPT PACKING pc=0x00000278626984dc sp=0x000000db12afd950
Event: 4.415 Thread 0x000002785e8b3630 DEOPT UNPACKING pc=0x0000027861fb2b43 sp=0x000000db12afce08 mode 1
Event: 4.415 Thread 0x000002785e8b3630 DEOPT PACKING pc=0x000002786285963c sp=0x000000db12afe340
Event: 4.415 Thread 0x000002785e8b3630 DEOPT UNPACKING pc=0x0000027861fb2b43 sp=0x000000db12afd830 mode 1
Event: 4.416 Thread 0x000002785e8b3630 DEOPT PACKING pc=0x00000278626a93f4 sp=0x000000db12afd880
Event: 4.416 Thread 0x000002785e8b3630 DEOPT UNPACKING pc=0x0000027861fb2b43 sp=0x000000db12afcd18 mode 1
Event: 4.416 Thread 0x000002785e8b3630 DEOPT PACKING pc=0x00000278626984dc sp=0x000000db12afd950
Event: 4.416 Thread 0x000002785e8b3630 DEOPT UNPACKING pc=0x0000027861fb2b43 sp=0x000000db12afce08 mode 1
Event: 4.416 Thread 0x000002785e8b3630 DEOPT PACKING pc=0x000002786285963c sp=0x000000db12afe340
Event: 4.416 Thread 0x000002785e8b3630 DEOPT UNPACKING pc=0x0000027861fb2b43 sp=0x000000db12afd830 mode 1

Classes unloaded (0 events):
No events

Classes redefined (0 events):
No events

Internal exceptions (18 events):
Event: 0.882 Thread 0x000002785e8b3630 Exception <a 'java/lang/NoSuchMethodError'{0x000000071063c498}: 'java.lang.Object java.lang.invoke.DirectMethodHandle$Holder.invokeStatic(java.lang.Object, java.lang.Object, int)'> (0x000000071063c498) 
thrown [e:\jenkins\tmp\workspace\build\src\src\hotspot\share\interpreter\linkResolver.cpp, line 766]
Event: 0.886 Thread 0x000002785e8b3630 Exception <a 'java/lang/NoSuchMethodError'{0x0000000710648350}: 'void java.lang.invoke.DelegatingMethodHandle$Holder.delegate(java.lang.Object, java.lang.Object, int, java.lang.Object)'> (0x0000000710648350) 
thrown [e:\jenkins\tmp\workspace\build\src\src\hotspot\share\interpreter\linkResolver.cpp, line 766]
Event: 0.887 Thread 0x000002785e8b3630 Exception <a 'java/lang/NoSuchMethodError'{0x000000071064c490}: 'int java.lang.invoke.DirectMethodHandle$Holder.invokeSpecial(java.lang.Object, java.lang.Object, java.lang.Object)'> (0x000000071064c490) 
thrown [e:\jenkins\tmp\workspace\build\src\src\hotspot\share\interpreter\linkResolver.cpp, line 766]
Event: 1.182 Thread 0x000002785e8b3630 Exception <a 'java/lang/ClassNotFoundException'{0x000000070fe65ec0}: com/sun/org/apache/xerces/internal/impl/xpath/regex/spi/messageProvider> (0x000000070fe65ec0) 
thrown [e:\jenkins\tmp\workspace\build\src\src\hotspot\share\classfile\systemDictionary.cpp, line 256]
Event: 1.333 Thread 0x000002785e8b3630 Exception <a 'java/lang/NoSuchMethodError'{0x000000070fa0d238}: 'java.lang.Object java.lang.invoke.DirectMethodHandle$Holder.invokeStatic(java.lang.Object, int, java.lang.Object)'> (0x000000070fa0d238) 
thrown [e:\jenkins\tmp\workspace\build\src\src\hotspot\share\interpreter\linkResolver.cpp, line 766]
Event: 1.978 Thread 0x000002785e8b3630 Exception <a 'java/lang/NoSuchMethodError'{0x0000000710563588}: 'java.lang.Object java.lang.invoke.DirectMethodHandle$Holder.invokeStaticInit(java.lang.Object, int, int, int, int)'> (0x0000000710563588) 
thrown [e:\jenkins\tmp\workspace\build\src\src\hotspot\share\interpreter\linkResolver.cpp, line 766]
Event: 2.060 Thread 0x000002785e8b3630 Exception <a 'java/lang/NoSuchMethodError'{0x00000007105a3ba0}: 'java.lang.Object java.lang.invoke.DirectMethodHandle$Holder.invokeStaticInit(java.lang.Object, java.lang.Object, int, int, int, int)'> (0x00000007105a3ba0) 
thrown [e:\jenkins\tmp\workspace\build\src\src\hotspot\share\interpreter\linkResolver.cpp, line 766]
Event: 2.320 Thread 0x000002785e8b3630 Exception <a 'java/lang/NoSuchMethodError'{0x000000070fb6af38}: 'java.lang.Object java.lang.invoke.Invokers$Holder.invokeExact_MT(java.lang.Object, java.lang.Object, java.lang.Object, java.lang.Object, java.lang.Object, java.lang.Object)'> (0x000000070fb6af38) 
thrown [e:\jenkins\tmp\workspace\build\src\src\hotspot\share\interpreter\linkResolver.cpp, line 766]
Event: 2.592 Thread 0x000002785e8b3630 Exception <a 'java/lang/NoSuchMethodError'{0x0000000703450f78}: 'java.lang.Object java.lang.invoke.DirectMethodHandle$Holder.invokeStaticInit(java.lang.Object)'> (0x0000000703450f78) 
thrown [e:\jenkins\tmp\workspace\build\src\src\hotspot\share\interpreter\linkResolver.cpp, line 766]
Event: 2.594 Thread 0x000002785e8b3630 Exception <a 'java/lang/NoSuchMethodError'{0x00000007034573b8}: 'java.lang.Object java.lang.invoke.DirectMethodHandle$Holder.invokeInterface(java.lang.Object, java.lang.Object)'> (0x00000007034573b8) 
thrown [e:\jenkins\tmp\workspace\build\src\src\hotspot\share\interpreter\linkResolver.cpp, line 766]
Event: 3.131 Thread 0x000002785e8b3630 Exception <a 'java/lang/NoSuchMethodError'{0x000000070f1fd318}: 'void java.lang.invoke.DirectMethodHandle$Holder.invokeStatic(java.lang.Object, java.lang.Object)'> (0x000000070f1fd318) 
thrown [e:\jenkins\tmp\workspace\build\src\src\hotspot\share\interpreter\linkResolver.cpp, line 766]
Event: 3.338 Thread 0x000002785e8b3630 Exception <a 'java/lang/NoSuchMethodError'{0x00000007038b4568}: 'void java.lang.invoke.DirectMethodHandle$Holder.invokeVirtual(java.lang.Object, java.lang.Object)'> (0x00000007038b4568) 
thrown [e:\jenkins\tmp\workspace\build\src\src\hotspot\share\interpreter\linkResolver.cpp, line 766]
Event: 3.960 Thread 0x000002785e8b3630 Exception <a 'java/lang/NoSuchMethodError'{0x0000000711d68688}: 'void java.lang.invoke.DirectMethodHandle$Holder.invokeSpecial(java.lang.Object, java.lang.Object, java.lang.Object)'> (0x0000000711d68688) 
thrown [e:\jenkins\tmp\workspace\build\src\src\hotspot\share\interpreter\linkResolver.cpp, line 766]
Event: 4.037 Thread 0x000002785e8b3630 Exception <a 'java/lang/NoSuchMethodError'{0x000000070f105b80}: 'java.lang.Object java.lang.invoke.DirectMethodHandle$Holder.newInvokeSpecial(java.lang.Object, java.lang.Object, java.lang.Object, java.lang.Object, java.lang.Object)'> (0x000000070f105b80) 
thrown [e:\jenkins\tmp\workspace\build\src\src\hotspot\share\interpreter\linkResolver.cpp, line 766]
Event: 4.147 Thread 0x000002785e8b3630 Exception <a 'java/lang/NoSuchMethodError'{0x00000007036c6cb0}: 'void java.lang.invoke.DirectMethodHandle$Holder.invokeInterface(java.lang.Object, java.lang.Object)'> (0x00000007036c6cb0) 
thrown [e:\jenkins\tmp\workspace\build\src\src\hotspot\share\interpreter\linkResolver.cpp, line 766]
Event: 4.309 Thread 0x000002785e8b3630 Exception <a 'java/lang/NoSuchMethodError'{0x0000000711c009b0}: 'java.lang.Object java.lang.invoke.DirectMethodHandle$Holder.invokeInterface(java.lang.Object, java.lang.Object, java.lang.Object)'> (0x0000000711c009b0) 
thrown [e:\jenkins\tmp\workspace\build\src\src\hotspot\share\interpreter\linkResolver.cpp, line 766]
Event: 4.432 Thread 0x000002785e8b3630 Exception <a 'java/lang/NoSuchMethodError'{0x000000070f12aed0}: 'void java.lang.invoke.DirectMethodHandle$Holder.invokeInterface(java.lang.Object, java.lang.Object, java.lang.Object)'> (0x000000070f12aed0) 
thrown [e:\jenkins\tmp\workspace\build\src\src\hotspot\share\interpreter\linkResolver.cpp, line 766]
Event: 4.434 Thread 0x000002785e8b3630 Exception <a 'java/lang/NoSuchMethodError'{0x000000070f131c80}: 'void java.lang.invoke.DirectMethodHandle$Holder.invokeStatic(java.lang.Object, java.lang.Object, java.lang.Object)'> (0x000000070f131c80) 
thrown [e:\jenkins\tmp\workspace\build\src\src\hotspot\share\interpreter\linkResolver.cpp, line 766]

VM Operations (20 events):
Event: 2.415 Executing VM operation: CollectForMetadataAllocation
Event: 2.419 Executing VM operation: CollectForMetadataAllocation done
Event: 2.429 Executing VM operation: G1Concurrent
Event: 2.432 Executing VM operation: G1Concurrent done
Event: 2.433 Executing VM operation: G1Concurrent
Event: 2.435 Executing VM operation: G1Concurrent done
Event: 2.871 Executing VM operation: HandshakeAllThreads
Event: 2.871 Executing VM operation: HandshakeAllThreads done
Event: 2.951 Executing VM operation: G1CollectForAllocation
Event: 2.957 Executing VM operation: G1CollectForAllocation done
Event: 3.051 Executing VM operation: G1CollectForAllocation
Event: 3.058 Executing VM operation: G1CollectForAllocation done
Event: 3.686 Executing VM operation: G1CollectForAllocation
Event: 3.693 Executing VM operation: G1CollectForAllocation done
Event: 3.903 Executing VM operation: G1CollectForAllocation
Event: 3.908 Executing VM operation: G1CollectForAllocation done
Event: 3.917 Executing VM operation: HandshakeAllThreads
Event: 3.917 Executing VM operation: HandshakeAllThreads done
Event: 4.302 Executing VM operation: G1CollectForAllocation
Event: 4.308 Executing VM operation: G1CollectForAllocation done

Events (20 events):
Event: 4.366 loading class java/io/ObjectInput
Event: 4.367 loading class java/io/ObjectInput done
Event: 4.367 loading class java/io/ObjectOutput
Event: 4.367 loading class java/io/ObjectOutput done
Event: 4.425 loading class javax/management/ObjectName
Event: 4.426 loading class javax/management/QueryExp
Event: 4.426 loading class javax/management/QueryExp done
Event: 4.427 loading class javax/management/ObjectName done
Event: 4.433 loading class sun/invoke/util/VerifyAccess$1
Event: 4.434 loading class sun/invoke/util/VerifyAccess$1 done
Event: 4.437 loading class java/util/IdentityHashMap$KeyIterator
Event: 4.437 loading class java/util/IdentityHashMap$KeyIterator done
Event: 4.437 Thread 0x000002785e8b3630 Thread exited: 0x000002785e8b3630
Event: 4.437 Thread 0x000002785e8b3630 Thread added: 0x000002785e8b3630
Event: 4.437 Thread 0x0000027801113940 Thread added: 0x0000027801113940
Event: 4.475 Thread 0x000002787d68b6a0 Thread exited: 0x000002787d68b6a0
Event: 4.475 Thread 0x000002787d444000 Thread exited: 0x000002787d444000
Event: 4.476 Thread 0x000002785e8b3630 Thread exited: 0x000002785e8b3630
Event: 4.476 Thread 0x000002787d67c070 Thread exited: 0x000002787d67c070
Event: 4.476 Thread 0x0000027801113940 Thread exited: 0x0000027801113940


Dynamic libraries:
0x00007ff61d040000 - 0x00007ff61d04e000 	D:\Documents\coursWeb\Diginamic\CoursJava\JavaTelecharg\sts-4.13.1.RELEASE\plugins\org.eclipse.justj.openjdk.hotspot.jre.full.win32.x86_64_17.0.1.v20211116-1657\jre\bin\javaw.exe
0x00007ff8ef850000 - 0x00007ff8efa48000 	C:\Windows\SYSTEM32\ntdll.dll
0x00007ff8eeb10000 - 0x00007ff8eebcd000 	C:\Windows\System32\KERNEL32.DLL
0x00007ff8ecf60000 - 0x00007ff8ed232000 	C:\Windows\System32\KERNELBASE.dll
0x00007ff8ed570000 - 0x00007ff8ed670000 	C:\Windows\System32\ucrtbase.dll
0x00007ff8e3fd0000 - 0x00007ff8e3fe8000 	D:\Documents\coursWeb\Diginamic\CoursJava\JavaTelecharg\sts-4.13.1.RELEASE\plugins\org.eclipse.justj.openjdk.hotspot.jre.full.win32.x86_64_17.0.1.v20211116-1657\jre\bin\jli.dll
0x00007ff8eda30000 - 0x00007ff8edbcd000 	C:\Windows\System32\USER32.dll
0x00007ff8ed880000 - 0x00007ff8ed8a2000 	C:\Windows\System32\win32u.dll
0x00007ff8ed8b0000 - 0x00007ff8ed8db000 	C:\Windows\System32\GDI32.dll
0x00007ff8ed770000 - 0x00007ff8ed87f000 	C:\Windows\System32\gdi32full.dll
0x00007ff8ed240000 - 0x00007ff8ed2dd000 	C:\Windows\System32\msvcp_win.dll
0x00007ff8e8c70000 - 0x00007ff8e8c89000 	D:\Documents\coursWeb\Diginamic\CoursJava\JavaTelecharg\sts-4.13.1.RELEASE\plugins\org.eclipse.justj.openjdk.hotspot.jre.full.win32.x86_64_17.0.1.v20211116-1657\jre\bin\VCRUNTIME140.dll
0x00007ff8db040000 - 0x00007ff8db2da000 	C:\Windows\WinSxS\amd64_microsoft.windows.common-controls_6595b64144ccf1df_6.0.19041.1110_none_60b5254171f9507e\COMCTL32.dll
0x00007ff8ed8e0000 - 0x00007ff8ed97e000 	C:\Windows\System32\msvcrt.dll
0x00007ff8ee470000 - 0x00007ff8ee4a0000 	C:\Windows\System32\IMM32.DLL
0x00007ff8e3fc0000 - 0x00007ff8e3fcc000 	D:\Documents\coursWeb\Diginamic\CoursJava\JavaTelecharg\sts-4.13.1.RELEASE\plugins\org.eclipse.justj.openjdk.hotspot.jre.full.win32.x86_64_17.0.1.v20211116-1657\jre\bin\vcruntime140_1.dll
0x00007ff8c8c50000 - 0x00007ff8c8ce1000 	D:\Documents\coursWeb\Diginamic\CoursJava\JavaTelecharg\sts-4.13.1.RELEASE\plugins\org.eclipse.justj.openjdk.hotspot.jre.full.win32.x86_64_17.0.1.v20211116-1657\jre\bin\msvcp140.dll
0x00007ff872fc0000 - 0x00007ff873c06000 	D:\Documents\coursWeb\Diginamic\CoursJava\JavaTelecharg\sts-4.13.1.RELEASE\plugins\org.eclipse.justj.openjdk.hotspot.jre.full.win32.x86_64_17.0.1.v20211116-1657\jre\bin\server\jvm.dll
0x00007ff8ed980000 - 0x00007ff8eda2e000 	C:\Windows\System32\ADVAPI32.dll
0x00007ff8ef4b0000 - 0x00007ff8ef54c000 	C:\Windows\System32\sechost.dll
0x00007ff8ef550000 - 0x00007ff8ef675000 	C:\Windows\System32\RPCRT4.dll
0x00007ff8ef680000 - 0x00007ff8ef688000 	C:\Windows\System32\PSAPI.DLL
0x00007ff88cc30000 - 0x00007ff88cc39000 	C:\Windows\SYSTEM32\WSOCK32.dll
0x00007ff8ee810000 - 0x00007ff8ee87b000 	C:\Windows\System32\WS2_32.dll
0x00007ff8c8260000 - 0x00007ff8c8287000 	C:\Windows\SYSTEM32\WINMM.dll
0x00007ff8e6560000 - 0x00007ff8e656a000 	C:\Windows\SYSTEM32\VERSION.dll
0x00007ff8eae20000 - 0x00007ff8eae32000 	C:\Windows\SYSTEM32\kernel.appcore.dll
0x00007ff8e93e0000 - 0x00007ff8e93ea000 	D:\Documents\coursWeb\Diginamic\CoursJava\JavaTelecharg\sts-4.13.1.RELEASE\plugins\org.eclipse.justj.openjdk.hotspot.jre.full.win32.x86_64_17.0.1.v20211116-1657\jre\bin\jimage.dll
0x00007ff8d4e00000 - 0x00007ff8d4fe4000 	C:\Windows\SYSTEM32\DBGHELP.DLL
0x00007ff8d4dd0000 - 0x00007ff8d4dfc000 	C:\Windows\SYSTEM32\dbgcore.DLL
0x00007ff8ed670000 - 0x00007ff8ed6f2000 	C:\Windows\System32\bcryptPrimitives.dll
0x00007ff8b7670000 - 0x00007ff8b76ab000 	D:\Documents\coursWeb\Diginamic\CoursJava\JavaTelecharg\sts-4.13.1.RELEASE\plugins\org.eclipse.justj.openjdk.hotspot.jre.full.win32.x86_64_17.0.1.v20211116-1657\jre\bin\jdwp.dll
0x00007ff8d88a0000 - 0x00007ff8d88ae000 	D:\Documents\coursWeb\Diginamic\CoursJava\JavaTelecharg\sts-4.13.1.RELEASE\plugins\org.eclipse.justj.openjdk.hotspot.jre.full.win32.x86_64_17.0.1.v20211116-1657\jre\bin\instrument.dll
0x00007ff8e8c40000 - 0x00007ff8e8c65000 	D:\Documents\coursWeb\Diginamic\CoursJava\JavaTelecharg\sts-4.13.1.RELEASE\plugins\org.eclipse.justj.openjdk.hotspot.jre.full.win32.x86_64_17.0.1.v20211116-1657\jre\bin\java.dll
0x00007ff8e54d0000 - 0x00007ff8e54e8000 	D:\Documents\coursWeb\Diginamic\CoursJava\JavaTelecharg\sts-4.13.1.RELEASE\plugins\org.eclipse.justj.openjdk.hotspot.jre.full.win32.x86_64_17.0.1.v20211116-1657\jre\bin\zip.dll
0x00007ff8eebd0000 - 0x00007ff8ef313000 	C:\Windows\System32\SHELL32.dll
0x00007ff8eb020000 - 0x00007ff8eb7b1000 	C:\Windows\SYSTEM32\windows.storage.dll
0x00007ff8ee4a0000 - 0x00007ff8ee7f4000 	C:\Windows\System32\combase.dll
0x00007ff8ec9c0000 - 0x00007ff8ec9f0000 	C:\Windows\SYSTEM32\Wldp.dll
0x00007ff8eea00000 - 0x00007ff8eeaad000 	C:\Windows\System32\SHCORE.dll
0x00007ff8ee920000 - 0x00007ff8ee975000 	C:\Windows\System32\shlwapi.dll
0x00007ff8ecea0000 - 0x00007ff8ecebf000 	C:\Windows\SYSTEM32\profapi.dll
0x00007ff8d2b60000 - 0x00007ff8d2b6c000 	D:\Documents\coursWeb\Diginamic\CoursJava\JavaTelecharg\sts-4.13.1.RELEASE\plugins\org.eclipse.justj.openjdk.hotspot.jre.full.win32.x86_64_17.0.1.v20211116-1657\jre\bin\dt_socket.dll
0x00007ff8ec3c0000 - 0x00007ff8ec3fb000 	C:\Windows\SYSTEM32\IPHLPAPI.DLL
0x00007ff8ec720000 - 0x00007ff8ec78a000 	C:\Windows\system32\mswsock.dll
0x00007ff8ec400000 - 0x00007ff8ec4ca000 	C:\Windows\SYSTEM32\DNSAPI.dll
0x00007ff8ee800000 - 0x00007ff8ee808000 	C:\Windows\System32\NSI.dll
0x00007ff8db030000 - 0x00007ff8db03a000 	C:\Windows\System32\rasadhlp.dll
0x00007ff8dbae0000 - 0x00007ff8dbb60000 	C:\Windows\System32\fwpuclnt.dll
0x00007ff8ed440000 - 0x00007ff8ed467000 	C:\Windows\System32\bcrypt.dll
0x00007ff8da030000 - 0x00007ff8da049000 	D:\Documents\coursWeb\Diginamic\CoursJava\JavaTelecharg\sts-4.13.1.RELEASE\plugins\org.eclipse.justj.openjdk.hotspot.jre.full.win32.x86_64_17.0.1.v20211116-1657\jre\bin\net.dll
0x00007ff8e09b0000 - 0x00007ff8e0abd000 	C:\Windows\SYSTEM32\WINHTTP.dll
0x00007ff8d87b0000 - 0x00007ff8d87c5000 	D:\Documents\coursWeb\Diginamic\CoursJava\JavaTelecharg\sts-4.13.1.RELEASE\plugins\org.eclipse.justj.openjdk.hotspot.jre.full.win32.x86_64_17.0.1.v20211116-1657\jre\bin\nio.dll
0x00007ff8e3d80000 - 0x00007ff8e3d90000 	D:\Documents\coursWeb\Diginamic\CoursJava\JavaTelecharg\sts-4.13.1.RELEASE\plugins\org.eclipse.justj.openjdk.hotspot.jre.full.win32.x86_64_17.0.1.v20211116-1657\jre\bin\verify.dll
0x00007ff8ec920000 - 0x00007ff8ec938000 	C:\Windows\SYSTEM32\CRYPTSP.dll
0x00007ff8ebfd0000 - 0x00007ff8ec004000 	C:\Windows\system32\rsaenh.dll
0x00007ff8ece20000 - 0x00007ff8ece4e000 	C:\Windows\SYSTEM32\USERENV.dll
0x00007ff8ec910000 - 0x00007ff8ec91c000 	C:\Windows\SYSTEM32\CRYPTBASE.dll
0x00007ff8e0990000 - 0x00007ff8e09a7000 	C:\Windows\SYSTEM32\dhcpcsvc6.DLL
0x00007ff8e3150000 - 0x00007ff8e316d000 	C:\Windows\SYSTEM32\dhcpcsvc.DLL

dbghelp: loaded successfully - version: 4.0.5 - missing functions: none
symbol engine: initialized successfully - sym options: 0x614 - pdb path: .;D:\Documents\coursWeb\Diginamic\CoursJava\JavaTelecharg\sts-4.13.1.RELEASE\plugins\org.eclipse.justj.openjdk.hotspot.jre.full.win32.x86_64_17.0.1.v20211116-1657\jre\bin;C:\Windows\SYSTEM32;C:\Windows\WinSxS\amd64_microsoft.windows.common-controls_6595b64144ccf1df_6.0.19041.1110_none_60b5254171f9507e;D:\Documents\coursWeb\Diginamic\CoursJava\JavaTelecharg\sts-4.13.1.RELEASE\plugins\org.eclipse.justj.openjdk.hotspot.jre.full.win32.x86_64_17.0.1.v20211116-1657\jre\bin\server

VM Arguments:
jvm_args: -XX:+ShowCodeDetailsInExceptionMessages -agentlib:jdwp=transport=dt_socket,suspend=y,address=localhost:55433 -javaagent:D:\Documents\coursWeb\Diginamic\CoursJava\JavaTelecharg\sts-4.13.1.RELEASE\configuration\org.eclipse.osgi\262\0\.cp\lib\javaagent-shaded.jar -Dfile.encoding=UTF-8 
java_command: fr.diginamic.ConnexionJpa
java_class_path (initial): D:\Documents\coursWeb\Diginamic\CoursJava\TP\demo-jpa\target\classes;C:\Users\marin\.m2\repository\mysql\mysql-connector-java\5.1.48\mysql-connector-java-5.1.48.jar;C:\Users\marin\.m2\repository\org\hibernate\hibernate-entitymanager\5.4.32.Final\hibernate-entitymanager-5.4.32.Final.jar;C:\Users\marin\.m2\repository\org\jboss\logging\jboss-logging\3.4.1.Final\jboss-logging-3.4.1.Final.jar;C:\Users\marin\.m2\repository\org\hibernate\hibernate-core\5.4.32.Final\hibernate-core-5.4.32.Final.jar;C:\Users\marin\.m2\repository\org\javassist\javassist\3.27.0-GA\javassist-3.27.0-GA.jar;C:\Users\marin\.m2\repository\antlr\antlr\2.7.7\antlr-2.7.7.jar;C:\Users\marin\.m2\repository\org\jboss\jandex\2.2.3.Final\jandex-2.2.3.Final.jar;C:\Users\marin\.m2\repository\com\fasterxml\classmate\1.5.1\classmate-1.5.1.jar;C:\Users\marin\.m2\repository\javax\activation\javax.activation-api\1.2.0\javax.activation-api-1.2.0.jar;C:\Users\marin\.m2\repository\javax\xml\bind\jaxb-api\2.3.1\jaxb-api-2.3.1.jar;C:\Users\marin\.m2\repository\org\glassfish\jaxb\jaxb-runtime\2.3.1\jaxb-runtime-2.3.1.jar;C:\Users\marin\.m2\repository\org\glassfish\jaxb\txw2\2.3.1\txw2-2.3.1.jar;C:\Users\marin\.m2\repository\com\sun\istack\istack-commons-runtime\3.0.7\istack-commons-runtime-3.0.7.jar;C:\Users\marin\.m2\repository\org\jvnet\staxex\stax-ex\1.8\stax-ex-1.8.jar;C:\Users\marin\.m2\repository\com\sun\xml\fastinfoset\FastInfoset\1.2.15\FastInfoset-1.2.15.jar;C:\Users\marin\.m2\repository\org\dom4j\dom4j\2.1.3\dom4j-2.1.3.jar;C:\Users\marin\.m2\repository\org\hibernate\common\hibernate-commons-annotations\5.1.2.Final\hibernate-commons-annotations-5.1.2.Final.jar;C:\Users\marin\.m2\repository\javax\persistence\javax.persistence-api\2.2\javax.persistence-api-2.2.jar;C:\Users\marin\.m2\repository\net\bytebuddy\byte-buddy\1.10.22\byte-buddy-1.10.22.jar;C:\Users\marin\.m2\repository\org\jboss\spec\javax\transaction\jboss-transaction-api_1.2_spec\1.1.1.Final\jboss-transaction-api_1.2_spec-
Launcher Type: SUN_STANDARD

[Global flags]
     intx CICompilerCount                          = 3                                         {product} {ergonomic}
     uint ConcGCThreads                            = 1                                         {product} {ergonomic}
     uint G1ConcRefinementThreads                  = 4                                         {product} {ergonomic}
   size_t G1HeapRegionSize                         = 2097152                                   {product} {ergonomic}
    uintx GCDrainStackTargetSize                   = 64                                        {product} {ergonomic}
   size_t InitialHeapSize                          = 266338304                                 {product} {ergonomic}
   size_t MarkStackSize                            = 4194304                                   {product} {ergonomic}
   size_t MaxHeapSize                              = 4261412864                                {product} {ergonomic}
   size_t MaxNewSize                               = 2556428288                                {product} {ergonomic}
   size_t MinHeapDeltaBytes                        = 2097152                                   {product} {ergonomic}
   size_t MinHeapSize                              = 8388608                                   {product} {ergonomic}
    uintx NonNMethodCodeHeapSize                   = 5832780                                {pd product} {ergonomic}
    uintx NonProfiledCodeHeapSize                  = 122912730                              {pd product} {ergonomic}
    uintx ProfiledCodeHeapSize                     = 122912730                              {pd product} {ergonomic}
    uintx ReservedCodeCacheSize                    = 251658240                              {pd product} {ergonomic}
     bool SegmentedCodeCache                       = true                                      {product} {ergonomic}
     bool ShowCodeDetailsInExceptionMessages       = true                                   {manageable} {command line}
   size_t SoftMaxHeapSize                          = 4261412864                             {manageable} {ergonomic}
     bool UseCompressedClassPointers               = true                           {product lp64_product} {ergonomic}
     bool UseCompressedOops                        = true                           {product lp64_product} {ergonomic}
     bool UseG1GC                                  = true                                      {product} {ergonomic}
     bool UseLargePagesIndividualAllocation        = false                                  {pd product} {ergonomic}

Logging:
Log output configuration:
 #0: stdout all=warning uptime,level,tags
 #1: stderr all=off uptime,level,tags

Environment Variables:
PATH=D:\Documents\coursWeb\Diginamic\CoursJava\JavaTelecharg\sts-4.13.1.RELEASE\plugins\org.eclipse.justj.openjdk.hotspot.jre.full.win32.x86_64_17.0.1.v20211116-1657\jre\bin;D:/Documents/coursWeb/Diginamic/CoursJava/JavaTelecharg/sts-4.13.1.RELEASE//plugins/org.eclipse.justj.openjdk.hotspot.jre.full.win32.x86_64_17.0.1.v20211116-1657/jre/bin/server;D:/Documents/coursWeb/Diginamic/CoursJava/JavaTelecharg/sts-4.13.1.RELEASE//plugins/org.eclipse.justj.openjdk.hotspot.jre.full.win32.x86_64_17.0.1.v20211116-1657/jre/bin;C:\Program Files\Common Files\Oracle\Java\javapath;C:\Windows\system32;C:\Windows;C:\Windows\System32\Wbem;C:\Windows\System32\WindowsPowerShell\v1.0\;C:\Windows\System32\OpenSSH\;C:\Program Files\Git\cmd;C:\Program Files\Symfony;C:\Users\marin\AppData\Local\.meteor/;D:\laragon\bin\nodejs\node-v14\node_modules\npm\node_modules\npm-lifecycle\node-gyp-bin;D:\laragon\bin\nodejs\node-v14\node_modules\meteor\node_modules\.bin;D:\laragon\bin\nodejs\node-v14\node_modules\.bin;C:\Users\marin\AppData\Local\Yarn\config\global\node_modules\.bin;C:\Users\marin\AppData\Roaming\npm;C:\Users\marin\AppData\Roaming\Composer\vendor\bin;D:\laragon\bin\laragon\utils;D:\laragon\bin\mysql\mysql-5.7.24-winx64\bin;D:\laragon\bin\php\php-7.4.19-Win32-vc15-x64;D:\laragon\bin\composer;D:\laragon\bin\apache\httpd-2.4.35-win64-VC15\bin;D:\laragon\bin\redis\redis-x64-3.2.100;D:\laragon\bin\nodejs\node-v14;D:\laragon\bin\nginx\nginx-1.16.0;D:\laragon\bin\notepad++;D:\laragon\bin\telnet;D:\laragon\bin\ngrok;D:\laragon\bin\git\bin;D:\laragon\bin\git\cmd;D:\laragon\bin\git\usr\bin;D:\laragon\bin\git\mingw64\bin;D:\laragon\bin;D:\laragon\usr\bin;D:\laragon\bin\putty;D:\laragon\bin\cmder\bin;D:\laragon\bin\cmder\vendor\conemu-maximus5\ConEmu\Scripts;D:\laragon\bin\cmde;C:\Users\marin\AppData\Local\Programs\Microsoft VS Code\bin;D:\maven\apache-maven-3.8.1\bin;;D:\Documents\coursWeb\Diginamic\CoursJava\JavaTelecharg\sts-4.13.1.RELEASE;
USERNAME=marin
OS=Windows_NT
PROCESSOR_IDENTIFIER=Intel64 Family 6 Model 142 Stepping 9, GenuineIntel



---------------  S Y S T E M  ---------------

OS:
 Windows 10 , 64 bit Build 19041 (10.0.19041.1889)
OS uptime: 0 days 4:21 hours

CPU: total 4 (initial active 4) (2 cores per cpu, 2 threads per core) family 6 model 142 stepping 9 microcode 0xb4, cx8, cmov, fxsr, ht, mmx, 3dnowpref, sse, sse2, sse3, ssse3, sse4.1, sse4.2, popcnt, lzcnt, tsc, tscinvbit, avx, avx2, aes, erms, clmul, bmi1, bmi2, adx, fma, vzeroupper, clflush, clflushopt

Memory: 4k page, system-wide physical 16252M (6092M free)
TotalPageFile size 18684M (AvailPageFile size 3692M)
current process WorkingSet (physical memory assigned to process): 167M, peak: 167M
current process commit charge ("private bytes"): 309M, peak: 384M

vm_info: OpenJDK 64-Bit Server VM (17.0.1+12) for windows-amd64 JRE (17.0.1+12), built on Oct 20 2021 07:42:55 by "" with MS VC++ 16.7 (VS2019)

END.
